0 info it worked if it ends with ok
1 verbose cli [ 'C:\\Program Files (x86)\\nodejs\\\\node.exe',
1 verbose cli   'C:\\Program Files (x86)\\nodejs\\node_modules\\npm\\bin\\npm-cli.js',
1 verbose cli   'run',
1 verbose cli   'test' ]
2 info using npm@2.7.4
3 info using node@v0.12.2
4 verbose node symlink C:\Program Files (x86)\nodejs\\node.exe
5 verbose run-script [ 'pretest', 'test', 'posttest' ]
6 info pretest restigram@1.0.0
7 verbose unsafe-perm in lifecycle true
8 info test restigram@1.0.0
9 verbose unsafe-perm in lifecycle true
10 info restigram@1.0.0 Failed to exec test script
11 verbose stack Error: restigram@1.0.0 test: `mocha artifacts/test`
11 verbose stack Exit status 1
11 verbose stack     at EventEmitter.<anonymous> (C:\Program Files (x86)\nodejs\node_modules\npm\lib\utils\lifecycle.js:213:16)
11 verbose stack     at EventEmitter.emit (events.js:110:17)
11 verbose stack     at ChildProcess.<anonymous> (C:\Program Files (x86)\nodejs\node_modules\npm\lib\utils\spawn.js:14:12)
11 verbose stack     at ChildProcess.emit (events.js:110:17)
11 verbose stack     at maybeClose (child_process.js:1015:16)
11 verbose stack     at Process.ChildProcess._handle.onexit (child_process.js:1087:5)
12 verbose pkgid restigram@1.0.0
13 verbose cwd D:\Projects\Repositories\restigram
14 error Windows_NT 6.3.9600
15 error argv "C:\\Program Files (x86)\\nodejs\\\\node.exe" "C:\\Program Files (x86)\\nodejs\\node_modules\\npm\\bin\\npm-cli.js" "run" "test"
16 error node v0.12.2
17 error npm  v2.7.4
18 error code ELIFECYCLE
19 error restigram@1.0.0 test: `mocha artifacts/test`
19 error Exit status 1
20 error Failed at the restigram@1.0.0 test script 'mocha artifacts/test'.
20 error This is most likely a problem with the restigram package,
20 error not with npm itself.
20 error Tell the author that this fails on your system:
20 error     mocha artifacts/test
20 error You can get their info via:
20 error     npm owner ls restigram
20 error There is likely additional logging output above.
21 verbose exit [ 1, true ]
